This is pdfTeX, Version 3.1415926-1.40.11 (TeX Live 2010) (format=pdflatex 2011.3.19)  9 MAY 2011 00:37
entering extended mode
 restricted \write18 enabled.
 %&-line parsing enabled.
**refman.tex
(./refman.tex
LaTeX2e <2009/09/24>
Babel <v3.8l> and hyphenation patterns for english, dumylang, nohyphenation, ge
rman-x-2009-06-19, ngerman-x-2009-06-19, afrikaans, ancientgreek, ibycus, arabi
c, armenian, basque, bulgarian, catalan, pinyin, coptic, croatian, czech, danis
h, dutch, ukenglish, usenglishmax, esperanto, estonian, ethiopic, farsi, finnis
h, french, galician, german, ngerman, swissgerman, monogreek, greek, hungarian,
 icelandic, assamese, bengali, gujarati, hindi, kannada, malayalam, marathi, or
iya, panjabi, tamil, telugu, indonesian, interlingua, irish, italian, kurmanji,
 lao, latin, latvian, lithuanian, mongolian, mongolianlmc, bokmal, nynorsk, pol
ish, portuguese, romanian, russian, sanskrit, serbian, slovak, slovenian, spani
sh, swedish, turkish, turkmen, ukrainian, uppersorbian, welsh, loaded.
(/usr/local/texlive/2010/texmf-dist/tex/latex/base/book.cls
Document Class: book 2007/10/19 v1.4h Standard LaTeX document class
(/usr/local/texlive/2010/texmf-dist/tex/latex/base/bk10.clo
File: bk10.clo 2007/10/19 v1.4h Standard LaTeX file (size option)
)
\c@part=\count79
\c@chapter=\count80
\c@section=\count81
\c@subsection=\count82
\c@subsubsection=\count83
\c@paragraph=\count84
\c@subparagraph=\count85
\c@figure=\count86
\c@table=\count87
\abovecaptionskip=\skip41
\belowcaptionskip=\skip42
\bibindent=\dimen102
)
(/usr/local/texlive/2010/texmf-dist/tex/latex/base/makeidx.sty
Package: makeidx 2000/03/29 v1.0m Standard LaTeX package
)
(/usr/local/texlive/2010/texmf-dist/tex/latex/graphics/graphicx.sty
Package: graphicx 1999/02/16 v1.0f Enhanced LaTeX Graphics (DPC,SPQR)

(/usr/local/texlive/2010/texmf-dist/tex/latex/graphics/keyval.sty
Package: keyval 1999/03/16 v1.13 key=value parser (DPC)
\KV@toks@=\toks14
)
(/usr/local/texlive/2010/texmf-dist/tex/latex/graphics/graphics.sty
Package: graphics 2009/02/05 v1.0o Standard LaTeX Graphics (DPC,SPQR)

(/usr/local/texlive/2010/texmf-dist/tex/latex/graphics/trig.sty
Package: trig 1999/03/16 v1.09 sin cos tan (DPC)
)
(/usr/local/texlive/2010/texmf-dist/tex/latex/latexconfig/graphics.cfg
File: graphics.cfg 2010/04/23 v1.9 graphics configuration of TeX Live
)
Package graphics Info: Driver file: pdftex.def on input line 91.

(/usr/local/texlive/2010/texmf-dist/tex/latex/pdftex-def/pdftex.def
File: pdftex.def 2011/01/28 v0.05d Graphics/color for pdfTeX
\Gread@gobject=\count88
))
\Gin@req@height=\dimen103
\Gin@req@width=\dimen104
)
(/usr/local/texlive/2010/texmf-dist/tex/latex/tools/multicol.sty
Package: multicol 2008/12/05 v1.6h multicolumn formatting (FMi)
\c@tracingmulticols=\count89
\mult@box=\box26
\multicol@leftmargin=\dimen105
\c@unbalance=\count90
\c@collectmore=\count91
\doublecol@number=\count92
\multicoltolerance=\count93
\multicolpretolerance=\count94
\full@width=\dimen106
\page@free=\dimen107
\premulticols=\dimen108
\postmulticols=\dimen109
\multicolsep=\skip43
\multicolbaselineskip=\skip44
\partial@page=\box27
\last@line=\box28
\mult@rightbox=\box29
\mult@grightbox=\box30
\mult@gfirstbox=\box31
\mult@firstbox=\box32
\@tempa=\box33
\@tempa=\box34
\@tempa=\box35
\@tempa=\box36
\@tempa=\box37
\@tempa=\box38
\@tempa=\box39
\@tempa=\box40
\@tempa=\box41
\@tempa=\box42
\@tempa=\box43
\@tempa=\box44
\@tempa=\box45
\@tempa=\box46
\@tempa=\box47
\@tempa=\box48
\@tempa=\box49
\c@columnbadness=\count95
\c@finalcolumnbadness=\count96
\last@try=\dimen110
\multicolovershoot=\dimen111
\multicolundershoot=\dimen112
\mult@nat@firstbox=\box50
\colbreak@box=\box51
)
(/usr/local/texlive/2010/texmf-dist/tex/latex/float/float.sty
Package: float 2001/11/08 v1.3d Float enhancements (AL)
\c@float@type=\count97
\float@exts=\toks15
\float@box=\box52
\@float@everytoks=\toks16
\@floatcapt=\box53
)
(/usr/local/texlive/2010/texmf-dist/tex/latex/listings/listings.sty
\lst@mode=\count98
\lst@gtempboxa=\box54
\lst@token=\toks17
\lst@length=\count99
\lst@currlwidth=\dimen113
\lst@column=\count100
\lst@pos=\count101
\lst@lostspace=\dimen114
\lst@width=\dimen115
\lst@newlines=\count102
\lst@lineno=\count103
\lst@maxwidth=\dimen116

(/usr/local/texlive/2010/texmf-dist/tex/latex/listings/lstmisc.sty
File: lstmisc.sty 2007/02/22 1.4 (Carsten Heinz)
\c@lstnumber=\count104
\lst@skipnumbers=\count105
\lst@framebox=\box55
)
(/usr/local/texlive/2010/texmf-dist/tex/latex/listings/listings.cfg
File: listings.cfg 2007/02/22 1.4 listings configuration
))
Package: listings 2007/02/22 1.4 (Carsten Heinz)

(/usr/local/texlive/2010/texmf-dist/tex/latex/graphics/color.sty
Package: color 2005/11/14 v1.0j Standard LaTeX Color (DPC)

(/usr/local/texlive/2010/texmf-dist/tex/latex/latexconfig/color.cfg
File: color.cfg 2007/01/18 v1.5 color configuration of teTeX/TeXLive
)
Package color Info: Driver file: pdftex.def on input line 130.
)
(/usr/local/texlive/2010/texmf-dist/tex/latex/base/ifthen.sty
Package: ifthen 2001/05/26 v1.1c Standard LaTeX ifthen package (DPC)
)
(/usr/local/texlive/2010/texmf-dist/tex/latex/xcolor/xcolor.sty
Package: xcolor 2007/01/21 v2.11 LaTeX color extensions (UK)

(/usr/local/texlive/2010/texmf-dist/tex/latex/latexconfig/color.cfg
File: color.cfg 2007/01/18 v1.5 color configuration of teTeX/TeXLive
)
Package xcolor Info: Driver file: pdftex.def on input line 225.

(/usr/local/texlive/2010/texmf-dist/tex/latex/colortbl/colortbl.sty
Package: colortbl 2001/02/13 v0.1j Color table columns (DPC)

(/usr/local/texlive/2010/texmf-dist/tex/latex/tools/array.sty
Package: array 2008/09/09 v2.4c Tabular extension package (FMi)
\col@sep=\dimen117
\extrarowheight=\dimen118
\NC@list=\toks18
\extratabsurround=\skip45
\backup@length=\skip46
)
\everycr=\toks19
\minrowclearance=\skip47
)
LaTeX Info: Redefining \color on input line 702.
\rownum=\count106
Package xcolor Info: Model `cmy' substituted by `cmy0' on input line 1337.
Package xcolor Info: Model `hsb' substituted by `rgb' on input line 1341.
Package xcolor Info: Model `RGB' extended on input line 1353.
Package xcolor Info: Model `HTML' substituted by `rgb' on input line 1355.
Package xcolor Info: Model `Hsb' substituted by `hsb' on input line 1356.
Package xcolor Info: Model `tHsb' substituted by `hsb' on input line 1357.
Package xcolor Info: Model `HSB' substituted by `hsb' on input line 1358.
Package xcolor Info: Model `Gray' substituted by `gray' on input line 1359.
Package xcolor Info: Model `wave' substituted by `hsb' on input line 1360.
)
(/usr/local/texlive/2010/texmf-dist/tex/latex/base/textcomp.sty
Package: textcomp 2005/09/27 v1.99g Standard LaTeX package
Package textcomp Info: Sub-encoding information:
(textcomp)               5 = only ISO-Adobe without \textcurrency
(textcomp)               4 = 5 + \texteuro
(textcomp)               3 = 4 + \textohm
(textcomp)               2 = 3 + \textestimated + \textcurrency
(textcomp)               1 = TS1 - \textcircled - \t
(textcomp)               0 = TS1 (full)
(textcomp)             Font families with sub-encoding setting implement
(textcomp)             only a restricted character set as indicated.
(textcomp)             Family '?' is the default used for unknown fonts.
(textcomp)             See the documentation for details.
Package textcomp Info: Setting ? sub-encoding to TS1/1 on input line 71.

(/usr/local/texlive/2010/texmf-dist/tex/latex/base/ts1enc.def
File: ts1enc.def 2001/06/05 v3.0e (jk/car/fm) Standard LaTeX file
)
LaTeX Info: Redefining \oldstylenums on input line 266.
Package textcomp Info: Setting cmr sub-encoding to TS1/0 on input line 281.
Package textcomp Info: Setting cmss sub-encoding to TS1/0 on input line 282.
Package textcomp Info: Setting cmtt sub-encoding to TS1/0 on input line 283.
Package textcomp Info: Setting cmvtt sub-encoding to TS1/0 on input line 284.
Package textcomp Info: Setting cmbr sub-encoding to TS1/0 on input line 285.
Package textcomp Info: Setting cmtl sub-encoding to TS1/0 on input line 286.
Package textcomp Info: Setting ccr sub-encoding to TS1/0 on input line 287.
Package textcomp Info: Setting ptm sub-encoding to TS1/4 on input line 288.
Package textcomp Info: Setting pcr sub-encoding to TS1/4 on input line 289.
Package textcomp Info: Setting phv sub-encoding to TS1/4 on input line 290.
Package textcomp Info: Setting ppl sub-encoding to TS1/3 on input line 291.
Package textcomp Info: Setting pag sub-encoding to TS1/4 on input line 292.
Package textcomp Info: Setting pbk sub-encoding to TS1/4 on input line 293.
Package textcomp Info: Setting pnc sub-encoding to TS1/4 on input line 294.
Package textcomp Info: Setting pzc sub-encoding to TS1/4 on input line 295.
Package textcomp Info: Setting bch sub-encoding to TS1/4 on input line 296.
Package textcomp Info: Setting put sub-encoding to TS1/5 on input line 297.
Package textcomp Info: Setting uag sub-encoding to TS1/5 on input line 298.
Package textcomp Info: Setting ugq sub-encoding to TS1/5 on input line 299.
Package textcomp Info: Setting ul8 sub-encoding to TS1/4 on input line 300.
Package textcomp Info: Setting ul9 sub-encoding to TS1/4 on input line 301.
Package textcomp Info: Setting augie sub-encoding to TS1/5 on input line 302.
Package textcomp Info: Setting dayrom sub-encoding to TS1/3 on input line 303.
Package textcomp Info: Setting dayroms sub-encoding to TS1/3 on input line 304.

Package textcomp Info: Setting pxr sub-encoding to TS1/0 on input line 305.
Package textcomp Info: Setting pxss sub-encoding to TS1/0 on input line 306.
Package textcomp Info: Setting pxtt sub-encoding to TS1/0 on input line 307.
Package textcomp Info: Setting txr sub-encoding to TS1/0 on input line 308.
Package textcomp Info: Setting txss sub-encoding to TS1/0 on input line 309.
Package textcomp Info: Setting txtt sub-encoding to TS1/0 on input line 310.
Package textcomp Info: Setting futs sub-encoding to TS1/4 on input line 311.
Package textcomp Info: Setting futx sub-encoding to TS1/4 on input line 312.
Package textcomp Info: Setting futj sub-encoding to TS1/4 on input line 313.
Package textcomp Info: Setting hlh sub-encoding to TS1/3 on input line 314.
Package textcomp Info: Setting hls sub-encoding to TS1/3 on input line 315.
Package textcomp Info: Setting hlst sub-encoding to TS1/3 on input line 316.
Package textcomp Info: Setting hlct sub-encoding to TS1/5 on input line 317.
Package textcomp Info: Setting hlx sub-encoding to TS1/5 on input line 318.
Package textcomp Info: Setting hlce sub-encoding to TS1/5 on input line 319.
Package textcomp Info: Setting hlcn sub-encoding to TS1/5 on input line 320.
Package textcomp Info: Setting hlcw sub-encoding to TS1/5 on input line 321.
Package textcomp Info: Setting hlcf sub-encoding to TS1/5 on input line 322.
Package textcomp Info: Setting pplx sub-encoding to TS1/3 on input line 323.
Package textcomp Info: Setting pplj sub-encoding to TS1/3 on input line 324.
Package textcomp Info: Setting ptmx sub-encoding to TS1/4 on input line 325.
Package textcomp Info: Setting ptmj sub-encoding to TS1/4 on input line 326.
)
(/usr/local/texlive/2010/texmf-dist/tex/latex/base/alltt.sty
Package: alltt 1997/06/16 v2.0g defines alltt environment
)
(/usr/local/texlive/2010/texmf-dist/tex/generic/oberdiek/ifpdf.sty
Package: ifpdf 2010/01/28 v2.1 Provides the ifpdf switch (HO)
Package ifpdf Info: pdfTeX in pdf mode detected.
)
(/usr/local/texlive/2010/texmf-dist/tex/latex/hyperref/hyperref.sty
Package: hyperref 2011/03/09 v6.82d Hypertext links for LaTeX

(/usr/local/texlive/2010/texmf-dist/tex/generic/oberdiek/ltxcmds.sty
Package: ltxcmds 2010/04/26 v1.7 LaTeX kernel commands for general use (HO)
)
(/usr/local/texlive/2010/texmf-dist/tex/generic/oberdiek/pdftexcmds.sty
Package: pdftexcmds 2010/04/01 v0.9 Utility functions of pdfTeX for LuaTeX (HO)


(/usr/local/texlive/2010/texmf-dist/tex/generic/oberdiek/infwarerr.sty
Package: infwarerr 2010/04/08 v1.3 Providing info/warning/message (HO)
)
(/usr/local/texlive/2010/texmf-dist/tex/generic/oberdiek/ifluatex.sty
Package: ifluatex 2010/03/01 v1.3 Provides the ifluatex switch (HO)
Package ifluatex Info: LuaTeX not detected.
)
Package pdftexcmds Info: LuaTeX not detected.
Package pdftexcmds Info: \pdf@primitive is available.
Package pdftexcmds Info: \pdf@ifprimitive is available.
)
(/usr/local/texlive/2010/texmf-dist/tex/generic/oberdiek/kvsetkeys.sty
Package: kvsetkeys 2010/03/01 v1.9 Key value parser (HO)

(/usr/local/texlive/2010/texmf-dist/tex/generic/oberdiek/etexcmds.sty
Package: etexcmds 2010/01/28 v1.3 Prefix for e-TeX command names (HO)
Package etexcmds Info: Could not find \expanded.
(etexcmds)             That can mean that you are not using pdfTeX 1.50 or
(etexcmds)             that some package has redefined \expanded.
(etexcmds)             In the latter case, load this package earlier.
))
(/usr/local/texlive/2010/texmf-dist/tex/generic/oberdiek/pdfescape.sty
Package: pdfescape 2010/03/01 v1.9 Provides hex, PDF name and string conversion
s (HO)
)
(/usr/local/texlive/2010/texmf-dist/tex/generic/oberdiek/ifvtex.sty
Package: ifvtex 2010/03/01 v1.5 Switches for detecting VTeX and its modes (HO)
Package ifvtex Info: VTeX not detected.
)
(/usr/local/texlive/2010/texmf-dist/tex/generic/ifxetex/ifxetex.sty
Package: ifxetex 2010/09/12 v0.6 Provides ifxetex conditional
)
(/usr/local/texlive/2010/texmf-dist/tex/latex/oberdiek/hycolor.sty
Package: hycolor 2009/12/12 v1.6 Color options of hyperref/bookmark (HO)

(/usr/local/texlive/2010/texmf-dist/tex/latex/oberdiek/xcolor-patch.sty
Package: xcolor-patch 2009/12/12 xcolor patch
))
(/usr/local/texlive/2010/texmf-dist/tex/latex/oberdiek/letltxmacro.sty
Package: letltxmacro 2008/06/24 v1.3 Let assignment for LaTeX macros (HO)
)
(/usr/local/texlive/2010/texmf-dist/tex/latex/oberdiek/kvoptions.sty
Package: kvoptions 2010/02/22 v3.7 Keyval support for LaTeX options (HO)
)
\@linkdim=\dimen119
\Hy@linkcounter=\count107
\Hy@pagecounter=\count108

(/usr/local/texlive/2010/texmf-dist/tex/latex/hyperref/pd1enc.def
File: pd1enc.def 2011/03/09 v6.82d Hyperref: PDFDocEncoding definition (HO)
)
(/usr/local/texlive/2010/texmf-dist/tex/generic/oberdiek/intcalc.sty
Package: intcalc 2007/09/27 v1.1 Expandable integer calculations (HO)
)
\Hy@SavedSpaceFactor=\count109

(/usr/local/texlive/2010/texmf-dist/tex/latex/latexconfig/hyperref.cfg
File: hyperref.cfg 2002/06/06 v1.2 hyperref configuration of TeXLive
)
Package hyperref Info: Option `colorlinks' set `true' on input line 3921.
Package hyperref Info: Option `unicode' set `true' on input line 3921.

(/usr/local/texlive/2010/texmf-dist/tex/latex/hyperref/puenc.def
File: puenc.def 2011/03/09 v6.82d Hyperref: PDF Unicode definition (HO)
)
Package hyperref Info: Hyper figures OFF on input line 4025.
Package hyperref Info: Link nesting OFF on input line 4030.
Package hyperref Info: Hyper index ON on input line 4033.
Package hyperref Info: Plain pages OFF on input line 4040.
Package hyperref Info: Backreferencing ON on input line 4043.
Package hyperref Info: Implicit mode ON; LaTeX internals redefined.
Package hyperref Info: Bookmarks ON on input line 4263.

(/usr/local/texlive/2010/texmf-dist/tex/latex/hyperref/backref.sty
Package: backref 2010/08/30 v1.36 Bibliographical back referencing

(/usr/local/texlive/2010/texmf-dist/tex/latex/oberdiek/rerunfilecheck.sty
Package: rerunfilecheck 2010/03/16 v1.6 Rerun checks for auxiliary files (HO)

(/usr/local/texlive/2010/texmf-dist/tex/latex/oberdiek/atveryend.sty
Package: atveryend 2010/03/24 v1.5 Hooks at very end of document (HO)
Package atveryend Info: \enddocument detected (standard).
)
(/usr/local/texlive/2010/texmf-dist/tex/generic/oberdiek/uniquecounter.sty
Package: uniquecounter 2009/12/18 v1.1 Provides unlimited unique counter (HO)

(/usr/local/texlive/2010/texmf-dist/tex/generic/oberdiek/bigintcalc.sty
Package: bigintcalc 2007/11/11 v1.1 Expandable big integer calculations (HO)
))
Package uniquecounter Info: New unique counter `rerunfilecheck' on input line 2
71.
))
\c@Hy@tempcnt=\count110

(/usr/local/texlive/2010/texmf-dist/tex/latex/url/url.sty
\Urlmuskip=\muskip10
Package: url 2006/04/12  ver 3.3  Verb mode for urls, etc.
)
LaTeX Info: Redefining \url on input line 4616.

(/usr/local/texlive/2010/texmf-dist/tex/generic/oberdiek/bitset.sty
Package: bitset 2007/09/28 v1.0 Data type bit set (HO)
)
\Fld@menulength=\count111
\Field@Width=\dimen120
\Fld@charsize=\dimen121
Package hyperref Info: Hyper figures OFF on input line 5700.
Package hyperref Info: Link nesting OFF on input line 5705.
Package hyperref Info: Hyper index ON on input line 5708.
Package hyperref Info: backreferencing ON on input line 5713.
Package hyperref Info: Link coloring ON on input line 5718.
Package hyperref Info: Link coloring with OCG OFF on input line 5725.
Package hyperref Info: PDF/A mode OFF on input line 5730.
LaTeX Info: Redefining \ref on input line 5770.
LaTeX Info: Redefining \pageref on input line 5774.

(/usr/local/texlive/2010/texmf-dist/tex/generic/oberdiek/atbegshi.sty
Package: atbegshi 2010/03/25 v1.12 At begin shipout hook (HO)
)
\Hy@abspage=\count112
\c@Item=\count113
\c@Hfootnote=\count114
)

Package hyperref Message: Driver: hpdftex.

(/usr/local/texlive/2010/texmf-dist/tex/latex/hyperref/hpdftex.def
File: hpdftex.def 2011/03/09 v6.82d Hyperref driver for pdfTeX
\Fld@listcount=\count115
\c@bookmark@seq@number=\count116
\Hy@SectionHShift=\skip48
)
(/usr/local/texlive/2010/texmf-dist/tex/latex/base/inputenc.sty
Package: inputenc 2008/03/30 v1.1d Input encoding file
\inpenc@prehook=\toks20
\inpenc@posthook=\toks21

(/usr/local/texlive/2010/texmf-dist/tex/latex/base/utf8.def
File: utf8.def 2008/04/05 v1.1m UTF-8 support for inputenc
Now handling font encoding OML ...
... no UTF-8 mapping file for font encoding OML
Now handling font encoding T1 ...
... processing UTF-8 mapping file for font encoding T1

(/usr/local/texlive/2010/texmf-dist/tex/latex/base/t1enc.dfu
File: t1enc.dfu 2008/04/05 v1.1m UTF-8 support for inputenc
   defining Unicode char U+00A1 (decimal 161)
   defining Unicode char U+00A3 (decimal 163)
   defining Unicode char U+00AB (decimal 171)
   defining Unicode char U+00BB (decimal 187)
   defining Unicode char U+00BF (decimal 191)
   defining Unicode char U+00C0 (decimal 192)
   defining Unicode char U+00C1 (decimal 193)
   defining Unicode char U+00C2 (decimal 194)
   defining Unicode char U+00C3 (decimal 195)
   defining Unicode char U+00C4 (decimal 196)
   defining Unicode char U+00C5 (decimal 197)
   defining Unicode char U+00C6 (decimal 198)
   defining Unicode char U+00C7 (decimal 199)
   defining Unicode char U+00C8 (decimal 200)
   defining Unicode char U+00C9 (decimal 201)
   defining Unicode char U+00CA (decimal 202)
   defining Unicode char U+00CB (decimal 203)
   defining Unicode char U+00CC (decimal 204)
   defining Unicode char U+00CD (decimal 205)
   defining Unicode char U+00CE (decimal 206)
   defining Unicode char U+00CF (decimal 207)
   defining Unicode char U+00D0 (decimal 208)
   defining Unicode char U+00D1 (decimal 209)
   defining Unicode char U+00D2 (decimal 210)
   defining Unicode char U+00D3 (decimal 211)
   defining Unicode char U+00D4 (decimal 212)
   defining Unicode char U+00D5 (decimal 213)
   defining Unicode char U+00D6 (decimal 214)
   defining Unicode char U+00D8 (decimal 216)
   defining Unicode char U+00D9 (decimal 217)
   defining Unicode char U+00DA (decimal 218)
   defining Unicode char U+00DB (decimal 219)
   defining Unicode char U+00DC (decimal 220)
   defining Unicode char U+00DD (decimal 221)
   defining Unicode char U+00DE (decimal 222)
   defining Unicode char U+00DF (decimal 223)
   defining Unicode char U+00E0 (decimal 224)
   defining Unicode char U+00E1 (decimal 225)
   defining Unicode char U+00E2 (decimal 226)
   defining Unicode char U+00E3 (decimal 227)
   defining Unicode char U+00E4 (decimal 228)
   defining Unicode char U+00E5 (decimal 229)
   defining Unicode char U+00E6 (decimal 230)
   defining Unicode char U+00E7 (decimal 231)
   defining Unicode char U+00E8 (decimal 232)
   defining Unicode char U+00E9 (decimal 233)
   defining Unicode char U+00EA (decimal 234)
   defining Unicode char U+00EB (decimal 235)
   defining Unicode char U+00EC (decimal 236)
   defining Unicode char U+00ED (decimal 237)
   defining Unicode char U+00EE (decimal 238)
   defining Unicode char U+00EF (decimal 239)
   defining Unicode char U+00F0 (decimal 240)
   defining Unicode char U+00F1 (decimal 241)
   defining Unicode char U+00F2 (decimal 242)
   defining Unicode char U+00F3 (decimal 243)
   defining Unicode char U+00F4 (decimal 244)
   defining Unicode char U+00F5 (decimal 245)
   defining Unicode char U+00F6 (decimal 246)
   defining Unicode char U+00F8 (decimal 248)
   defining Unicode char U+00F9 (decimal 249)
   defining Unicode char U+00FA (decimal 250)
   defining Unicode char U+00FB (decimal 251)
   defining Unicode char U+00FC (decimal 252)
   defining Unicode char U+00FD (decimal 253)
   defining Unicode char U+00FE (decimal 254)
   defining Unicode char U+00FF (decimal 255)
   defining Unicode char U+0102 (decimal 258)
   defining Unicode char U+0103 (decimal 259)
   defining Unicode char U+0104 (decimal 260)
   defining Unicode char U+0105 (decimal 261)
   defining Unicode char U+0106 (decimal 262)
   defining Unicode char U+0107 (decimal 263)
   defining Unicode char U+010C (decimal 268)
   defining Unicode char U+010D (decimal 269)
   defining Unicode char U+010E (decimal 270)
   defining Unicode char U+010F (decimal 271)
   defining Unicode char U+0110 (decimal 272)
   defining Unicode char U+0111 (decimal 273)
   defining Unicode char U+0118 (decimal 280)
   defining Unicode char U+0119 (decimal 281)
   defining Unicode char U+011A (decimal 282)
   defining Unicode char U+011B (decimal 283)
   defining Unicode char U+011E (decimal 286)
   defining Unicode char U+011F (decimal 287)
   defining Unicode char U+0130 (decimal 304)
   defining Unicode char U+0131 (decimal 305)
   defining Unicode char U+0132 (decimal 306)
   defining Unicode char U+0133 (decimal 307)
   defining Unicode char U+0139 (decimal 313)
   defining Unicode char U+013A (decimal 314)
   defining Unicode char U+013D (decimal 317)
   defining Unicode char U+013E (decimal 318)
   defining Unicode char U+0141 (decimal 321)
   defining Unicode char U+0142 (decimal 322)
   defining Unicode char U+0143 (decimal 323)
   defining Unicode char U+0144 (decimal 324)
   defining Unicode char U+0147 (decimal 327)
   defining Unicode char U+0148 (decimal 328)
   defining Unicode char U+014A (decimal 330)
   defining Unicode char U+014B (decimal 331)
   defining Unicode char U+0150 (decimal 336)
   defining Unicode char U+0151 (decimal 337)
   defining Unicode char U+0152 (decimal 338)
   defining Unicode char U+0153 (decimal 339)
   defining Unicode char U+0154 (decimal 340)
   defining Unicode char U+0155 (decimal 341)
   defining Unicode char U+0158 (decimal 344)
   defining Unicode char U+0159 (decimal 345)
   defining Unicode char U+015A (decimal 346)
   defining Unicode char U+015B (decimal 347)
   defining Unicode char U+015E (decimal 350)
   defining Unicode char U+015F (decimal 351)
   defining Unicode char U+0160 (decimal 352)
   defining Unicode char U+0161 (decimal 353)
   defining Unicode char U+0162 (decimal 354)
   defining Unicode char U+0163 (decimal 355)
   defining Unicode char U+0164 (decimal 356)
   defining Unicode char U+0165 (decimal 357)
   defining Unicode char U+016E (decimal 366)
   defining Unicode char U+016F (decimal 367)
   defining Unicode char U+0170 (decimal 368)
   defining Unicode char U+0171 (decimal 369)
   defining Unicode char U+0178 (decimal 376)
   defining Unicode char U+0179 (decimal 377)
   defining Unicode char U+017A (decimal 378)
   defining Unicode char U+017B (decimal 379)
   defining Unicode char U+017C (decimal 380)
   defining Unicode char U+017D (decimal 381)
   defining Unicode char U+017E (decimal 382)
   defining Unicode char U+200C (decimal 8204)
   defining Unicode char U+2013 (decimal 8211)
   defining Unicode char U+2014 (decimal 8212)
   defining Unicode char U+2018 (decimal 8216)
   defining Unicode char U+2019 (decimal 8217)
   defining Unicode char U+201A (decimal 8218)
   defining Unicode char U+201C (decimal 8220)
   defining Unicode char U+201D (decimal 8221)
   defining Unicode char U+201E (decimal 8222)
   defining Unicode char U+2030 (decimal 8240)
   defining Unicode char U+2031 (decimal 8241)
   defining Unicode char U+2039 (decimal 8249)
   defining Unicode char U+203A (decimal 8250)
   defining Unicode char U+2423 (decimal 9251)
)
Now handling font encoding OT1 ...
... processing UTF-8 mapping file for font encoding OT1

(/usr/local/texlive/2010/texmf-dist/tex/latex/base/ot1enc.dfu
File: ot1enc.dfu 2008/04/05 v1.1m UTF-8 support for inputenc
   defining Unicode char U+00A1 (decimal 161)
   defining Unicode char U+00A3 (decimal 163)
   defining Unicode char U+00B8 (decimal 184)
   defining Unicode char U+00BF (decimal 191)
   defining Unicode char U+00C5 (decimal 197)
   defining Unicode char U+00C6 (decimal 198)
   defining Unicode char U+00D8 (decimal 216)
   defining Unicode char U+00DF (decimal 223)
   defining Unicode char U+00E6 (decimal 230)
   defining Unicode char U+00EC (decimal 236)
   defining Unicode char U+00ED (decimal 237)
   defining Unicode char U+00EE (decimal 238)
   defining Unicode char U+00EF (decimal 239)
   defining Unicode char U+00F8 (decimal 248)
   defining Unicode char U+0131 (decimal 305)
   defining Unicode char U+0141 (decimal 321)
   defining Unicode char U+0142 (decimal 322)
   defining Unicode char U+0152 (decimal 338)
   defining Unicode char U+0153 (decimal 339)
   defining Unicode char U+2013 (decimal 8211)
   defining Unicode char U+2014 (decimal 8212)
   defining Unicode char U+2018 (decimal 8216)
   defining Unicode char U+2019 (decimal 8217)
   defining Unicode char U+201C (decimal 8220)
   defining Unicode char U+201D (decimal 8221)
)
Now handling font encoding OMS ...
... processing UTF-8 mapping file for font encoding OMS

(/usr/local/texlive/2010/texmf-dist/tex/latex/base/omsenc.dfu
File: omsenc.dfu 2008/04/05 v1.1m UTF-8 support for inputenc
   defining Unicode char U+00A7 (decimal 167)
   defining Unicode char U+00B6 (decimal 182)
   defining Unicode char U+00B7 (decimal 183)
   defining Unicode char U+2020 (decimal 8224)
   defining Unicode char U+2021 (decimal 8225)
   defining Unicode char U+2022 (decimal 8226)
)
Now handling font encoding OMX ...
... no UTF-8 mapping file for font encoding OMX
Now handling font encoding U ...
... no UTF-8 mapping file for font encoding U
Now handling font encoding TS1 ...
... processing UTF-8 mapping file for font encoding TS1

(/usr/local/texlive/2010/texmf-dist/tex/latex/base/ts1enc.dfu
File: ts1enc.dfu 2008/04/05 v1.1m UTF-8 support for inputenc
   defining Unicode char U+00A2 (decimal 162)
   defining Unicode char U+00A3 (decimal 163)
   defining Unicode char U+00A4 (decimal 164)
   defining Unicode char U+00A5 (decimal 165)
   defining Unicode char U+00A6 (decimal 166)
   defining Unicode char U+00A7 (decimal 167)
   defining Unicode char U+00A8 (decimal 168)
   defining Unicode char U+00A9 (decimal 169)
   defining Unicode char U+00AA (decimal 170)
   defining Unicode char U+00AC (decimal 172)
   defining Unicode char U+00AE (decimal 174)
   defining Unicode char U+00AF (decimal 175)
   defining Unicode char U+00B0 (decimal 176)
   defining Unicode char U+00B1 (decimal 177)
   defining Unicode char U+00B2 (decimal 178)
   defining Unicode char U+00B3 (decimal 179)
   defining Unicode char U+00B4 (decimal 180)
   defining Unicode char U+00B5 (decimal 181)
   defining Unicode char U+00B6 (decimal 182)
   defining Unicode char U+00B7 (decimal 183)
   defining Unicode char U+00B9 (decimal 185)
   defining Unicode char U+00BA (decimal 186)
   defining Unicode char U+00BC (decimal 188)
   defining Unicode char U+00BD (decimal 189)
   defining Unicode char U+00BE (decimal 190)
   defining Unicode char U+00D7 (decimal 215)
   defining Unicode char U+00F7 (decimal 247)
   defining Unicode char U+0192 (decimal 402)
   defining Unicode char U+02C7 (decimal 711)
   defining Unicode char U+02D8 (decimal 728)
   defining Unicode char U+02DD (decimal 733)
   defining Unicode char U+0E3F (decimal 3647)
   defining Unicode char U+2016 (decimal 8214)
   defining Unicode char U+2020 (decimal 8224)
   defining Unicode char U+2021 (decimal 8225)
   defining Unicode char U+2022 (decimal 8226)
   defining Unicode char U+2030 (decimal 8240)
   defining Unicode char U+2031 (decimal 8241)
   defining Unicode char U+203B (decimal 8251)
   defining Unicode char U+203D (decimal 8253)
   defining Unicode char U+2044 (decimal 8260)
   defining Unicode char U+204E (decimal 8270)
   defining Unicode char U+2052 (decimal 8274)
   defining Unicode char U+20A1 (decimal 8353)
   defining Unicode char U+20A4 (decimal 8356)
   defining Unicode char U+20A6 (decimal 8358)
   defining Unicode char U+20A9 (decimal 8361)
   defining Unicode char U+20AB (decimal 8363)
   defining Unicode char U+20AC (decimal 8364)
   defining Unicode char U+20B1 (decimal 8369)
   defining Unicode char U+2103 (decimal 8451)
   defining Unicode char U+2116 (decimal 8470)
   defining Unicode char U+2117 (decimal 8471)
   defining Unicode char U+211E (decimal 8478)
   defining Unicode char U+2120 (decimal 8480)
   defining Unicode char U+2122 (decimal 8482)
   defining Unicode char U+2126 (decimal 8486)
   defining Unicode char U+2127 (decimal 8487)
   defining Unicode char U+212E (decimal 8494)
   defining Unicode char U+2190 (decimal 8592)
   defining Unicode char U+2191 (decimal 8593)
   defining Unicode char U+2192 (decimal 8594)
   defining Unicode char U+2193 (decimal 8595)
   defining Unicode char U+2329 (decimal 9001)
   defining Unicode char U+232A (decimal 9002)
   defining Unicode char U+2422 (decimal 9250)
   defining Unicode char U+25E6 (decimal 9702)
   defining Unicode char U+25EF (decimal 9711)
   defining Unicode char U+266A (decimal 9834)
)
Now handling font encoding PD1 ...
... no UTF-8 mapping file for font encoding PD1
Now handling font encoding PU ...
... no UTF-8 mapping file for font encoding PU
   defining Unicode char U+00A9 (decimal 169)
   defining Unicode char U+00AA (decimal 170)
   defining Unicode char U+00AE (decimal 174)
   defining Unicode char U+00BA (decimal 186)
   defining Unicode char U+02C6 (decimal 710)
   defining Unicode char U+02DC (decimal 732)
   defining Unicode char U+200C (decimal 8204)
   defining Unicode char U+2026 (decimal 8230)
   defining Unicode char U+2122 (decimal 8482)
   defining Unicode char U+2423 (decimal 9251)
))
(/usr/local/texlive/2010/texmf-dist/tex/generic/babel/babel.sty
Package: babel 2008/07/06 v3.8l The Babel package

(/usr/local/texlive/2010/texmf-dist/tex/generic/babel/frenchb.ldf
Language: frenchb 2009/03/16 v2.3d French support from the babel system

(/usr/local/texlive/2010/texmf-dist/tex/generic/babel/babel.def
File: babel.def 2008/07/06 v3.8l Babel common definitions
\babel@savecnt=\count117
\U@D=\dimen122
)
Package babel Info: Making : an active character on input line 120.
Package babel Info: Making ; an active character on input line 121.
Package babel Info: Making ! an active character on input line 122.
Package babel Info: Making ? an active character on input line 123.
\FB@Mht=\dimen123
\std@mcc=\count118
\dec@mcc=\count119
\parindentFFN=\dimen124

*************************************
* Local config file frenchb.cfg used
*
(/usr/local/texlive/2010/texmf-dist/tex/generic/babel/frenchb.cfg)))
(/usr/local/texlive/2010/texmf-dist/tex/latex/carlisle/scalefnt.sty)
(/usr/local/texlive/2010/texmf-dist/tex/latex/psnfss/mathptmx.sty
Package: mathptmx 2005/04/12 PSNFSS-v9.2a Times w/ Math, improved (SPQR, WaS) 
LaTeX Font Info:    Redeclaring symbol font `operators' on input line 28.
LaTeX Font Info:    Overwriting symbol font `operators' in version `normal'
(Font)                  OT1/cmr/m/n --> OT1/ztmcm/m/n on input line 28.
LaTeX Font Info:    Overwriting symbol font `operators' in version `bold'
(Font)                  OT1/cmr/bx/n --> OT1/ztmcm/m/n on input line 28.
LaTeX Font Info:    Redeclaring symbol font `letters' on input line 29.
LaTeX Font Info:    Overwriting symbol font `letters' in version `normal'
(Font)                  OML/cmm/m/it --> OML/ztmcm/m/it on input line 29.
LaTeX Font Info:    Overwriting symbol font `letters' in version `bold'
(Font)                  OML/cmm/b/it --> OML/ztmcm/m/it on input line 29.
LaTeX Font Info:    Redeclaring symbol font `symbols' on input line 30.
LaTeX Font Info:    Overwriting symbol font `symbols' in version `normal'
(Font)                  OMS/cmsy/m/n --> OMS/ztmcm/m/n on input line 30.
LaTeX Font Info:    Overwriting symbol font `symbols' in version `bold'
(Font)                  OMS/cmsy/b/n --> OMS/ztmcm/m/n on input line 30.
LaTeX Font Info:    Redeclaring symbol font `largesymbols' on input line 31.
LaTeX Font Info:    Overwriting symbol font `largesymbols' in version `normal'
(Font)                  OMX/cmex/m/n --> OMX/ztmcm/m/n on input line 31.
LaTeX Font Info:    Overwriting symbol font `largesymbols' in version `bold'
(Font)                  OMX/cmex/m/n --> OMX/ztmcm/m/n on input line 31.
\symbold=\mathgroup4
\symitalic=\mathgroup5
LaTeX Font Info:    Redeclaring math alphabet \mathbf on input line 34.
LaTeX Font Info:    Overwriting math alphabet `\mathbf' in version `normal'
(Font)                  OT1/cmr/bx/n --> OT1/ptm/bx/n on input line 34.
LaTeX Font Info:    Overwriting math alphabet `\mathbf' in version `bold'
(Font)                  OT1/cmr/bx/n --> OT1/ptm/bx/n on input line 34.
LaTeX Font Info:    Redeclaring math alphabet \mathit on input line 35.
LaTeX Font Info:    Overwriting math alphabet `\mathit' in version `normal'
(Font)                  OT1/cmr/m/it --> OT1/ptm/m/it on input line 35.
LaTeX Font Info:    Overwriting math alphabet `\mathit' in version `bold'
(Font)                  OT1/cmr/bx/it --> OT1/ptm/m/it on input line 35.
LaTeX Info: Redefining \hbar on input line 50.
)
(/usr/local/texlive/2010/texmf-dist/tex/latex/psnfss/helvet.sty
Package: helvet 2005/04/12 PSNFSS-v9.2a (WaS) 
)
(/usr/local/texlive/2010/texmf-dist/tex/latex/psnfss/courier.sty
Package: courier 2005/04/12 PSNFSS-v9.2a (WaS) 
)
(./doxygen.sty
Package: doxygen 
 (/usr/local/texlive/2010/texmf-dist/tex/latex/tools/calc.sty
Package: calc 2007/08/22 v4.3 Infix arithmetic (KKT,FJ)
\calc@Acount=\count120
\calc@Bcount=\count121
\calc@Adimen=\dimen125
\calc@Bdimen=\dimen126
\calc@Askip=\skip49
\calc@Bskip=\skip50
LaTeX Info: Redefining \setlength on input line 76.
LaTeX Info: Redefining \addtolength on input line 77.
\calc@Ccount=\count122
\calc@Cskip=\skip51
)
(/usr/local/texlive/2010/texmf-dist/tex/latex/fancyhdr/fancyhdr.sty
\fancy@headwidth=\skip52
\f@ncyO@elh=\skip53
\f@ncyO@erh=\skip54
\f@ncyO@olh=\skip55
\f@ncyO@orh=\skip56
\f@ncyO@elf=\skip57
\f@ncyO@erf=\skip58
\f@ncyO@olf=\skip59
\f@ncyO@orf=\skip60
)
(/usr/local/texlive/2010/texmf-dist/tex/latex/tools/longtable.sty
Package: longtable 2004/02/01 v4.11 Multi-page Table package (DPC)
\LTleft=\skip61
\LTright=\skip62
\LTpre=\skip63
\LTpost=\skip64
\LTchunksize=\count123
\LTcapwidth=\dimen127
\LT@head=\box56
\LT@firsthead=\box57
\LT@foot=\box58
\LT@lastfoot=\box59
\LT@cols=\count124
\LT@rows=\count125
\c@LT@tables=\count126
\c@LT@chunks=\count127
\LT@p@ftn=\toks22
)
(/usr/local/texlive/2010/texmf-dist/tex/latex/tools/verbatim.sty
Package: verbatim 2003/08/22 v1.5q LaTeX2e package for verbatim enhancements
\every@verbatim=\toks23
\verbatim@line=\toks24
\verbatim@in@stream=\read1
)
(/usr/local/texlive/2010/texmf-dist/tex/latex/sectsty/sectsty.sty
Package: sectsty 2002/02/25 v2.0.2 Commands to change all sectional heading sty
les
)
(/usr/local/texlive/2010/texmf-dist/tex/latex/tocloft/tocloft.sty
Package: tocloft 2010/10/13 v2.3e parameterised ToC, etc., typesetting
Package tocloft Info: The document has chapter divisions on input line 43.
\cftparskip=\skip65
\cftbeforetoctitleskip=\skip66
\cftaftertoctitleskip=\skip67
\cftbeforepartskip=\skip68
\cftpartnumwidth=\skip69
\cftpartindent=\skip70
\cftbeforechapskip=\skip71
\cftchapindent=\skip72
\cftchapnumwidth=\skip73
\cftbeforesecskip=\skip74
\cftsecindent=\skip75
\cftsecnumwidth=\skip76
\cftbeforesubsecskip=\skip77
\cftsubsecindent=\skip78
\cftsubsecnumwidth=\skip79
\cftbeforesubsubsecskip=\skip80
\cftsubsubsecindent=\skip81
\cftsubsubsecnumwidth=\skip82
\cftbeforeparaskip=\skip83
\cftparaindent=\skip84
\cftparanumwidth=\skip85
\cftbeforesubparaskip=\skip86
\cftsubparaindent=\skip87
\cftsubparanumwidth=\skip88
\cftbeforeloftitleskip=\skip89
\cftafterloftitleskip=\skip90
\cftbeforefigskip=\skip91
\cftfigindent=\skip92
\cftfignumwidth=\skip93
\c@lofdepth=\count128
\c@lotdepth=\count129
\cftbeforelottitleskip=\skip94
\cftafterlottitleskip=\skip95
\cftbeforetabskip=\skip96
\cfttabindent=\skip97
\cfttabnumwidth=\skip98
)
\tmplength=\skip99

(/usr/local/texlive/2010/texmf-dist/tex/latex/base/fontenc.sty
Package: fontenc 2005/09/27 v1.99g Standard LaTeX package

(/usr/local/texlive/2010/texmf-dist/tex/latex/base/t1enc.def
File: t1enc.def 2005/09/27 v1.99g Standard LaTeX file
LaTeX Font Info:    Redeclaring font encoding T1 on input line 43.
)))
(/usr/local/texlive/2010/texmf-dist/tex/latex/listings/lstlang1.sty
File: lstlang1.sty 2004/09/05 1.3 listings language file
)
(/usr/local/texlive/2010/texmf-dist/tex/latex/listings/lstlang1.sty
File: lstlang1.sty 2004/09/05 1.3 listings language file
)
(/usr/local/texlive/2010/texmf-dist/tex/latex/listings/lstmisc.sty
File: lstmisc.sty 2007/02/22 1.4 (Carsten Heinz)
)
\@indexfile=\write3
\openout3 = `refman.idx'.


Writing index file refman.idx
(./refman.aux)
\openout1 = `refman.aux'.

LaTeX Font Info:    Checking defaults for OML/cmm/m/it on input line 40.
LaTeX Font Info:    ... okay on input line 40.
LaTeX Font Info:    Checking defaults for T1/cmr/m/n on input line 40.
LaTeX Font Info:    ... okay on input line 40.
LaTeX Font Info:    Checking defaults for OT1/cmr/m/n on input line 40.
LaTeX Font Info:    ... okay on input line 40.
LaTeX Font Info:    Checking defaults for OMS/cmsy/m/n on input line 40.
LaTeX Font Info:    ... okay on input line 40.
LaTeX Font Info:    Checking defaults for OMX/cmex/m/n on input line 40.
LaTeX Font Info:    ... okay on input line 40.
LaTeX Font Info:    Checking defaults for U/cmr/m/n on input line 40.
LaTeX Font Info:    ... okay on input line 40.
LaTeX Font Info:    Checking defaults for TS1/cmr/m/n on input line 40.
LaTeX Font Info:    Try loading font information for TS1+cmr on input line 40.
 (/usr/local/texlive/2010/texmf-dist/tex/latex/base/ts1cmr.fd
File: ts1cmr.fd 1999/05/25 v2.5h Standard LaTeX font definitions
)
LaTeX Font Info:    ... okay on input line 40.
LaTeX Font Info:    Checking defaults for PD1/pdf/m/n on input line 40.
LaTeX Font Info:    ... okay on input line 40.
LaTeX Font Info:    Checking defaults for PU/pdf/m/n on input line 40.
LaTeX Font Info:    ... okay on input line 40.
LaTeX Font Info:    Try loading font information for T1+ptm on input line 40.

(/usr/local/texlive/2010/texmf-dist/tex/latex/psnfss/t1ptm.fd
File: t1ptm.fd 2001/06/04 font definitions for T1/ptm.
)
(/usr/local/texlive/2010/texmf-dist/tex/context/base/supp-pdf.mkii
[Loading MPS to PDF converter (version 2006.09.02).]
\scratchcounter=\count130
\scratchdimen=\dimen128
\scratchbox=\box60
\nofMPsegments=\count131
\nofMParguments=\count132
\everyMPshowfont=\toks25
\MPscratchCnt=\count133
\MPscratchDim=\dimen129
\MPnumerator=\count134
\everyMPtoPDFconversion=\toks26
) (/usr/local/texlive/2010/texmf-dist/tex/latex/oberdiek/epstopdf-base.sty
Package: epstopdf-base 2010/02/09 v2.5 Base part for package epstopdf

(/usr/local/texlive/2010/texmf-dist/tex/latex/oberdiek/grfext.sty
Package: grfext 2007/09/30 v1.0 Managing graphics extensions (HO)
)
Package grfext Info: Graphics extension search list:
(grfext)             [.png,.pdf,.jpg,.mps,.jpeg,.jbig2,.jb2,.PNG,.PDF,.JPG,.JPE
G,.JBIG2,.JB2,.eps]
(grfext)             \AppendGraphicsExtensions on input line 436.

(/usr/local/texlive/2010/texmf-dist/tex/latex/latexconfig/epstopdf-sys.cfg
File: epstopdf-sys.cfg 2010/07/13 v1.3 Configuration of (r)epstopdf for TeX Liv
e
))
\c@lstlisting=\count135
\AtBeginShipoutBox=\box61
Package hyperref Info: Link coloring ON on input line 40.

(/usr/local/texlive/2010/texmf-dist/tex/latex/hyperref/nameref.sty
Package: nameref 2010/04/30 v2.40 Cross-referencing by name of section

(/usr/local/texlive/2010/texmf-dist/tex/latex/oberdiek/refcount.sty
Package: refcount 2008/08/11 v3.1 Data extraction from references (HO)
)
(/usr/local/texlive/2010/texmf-dist/tex/generic/oberdiek/gettitlestring.sty
Package: gettitlestring 2009/12/18 v1.3 Cleanup title references (HO)
)
\c@section@level=\count136
)
LaTeX Info: Redefining \ref on input line 40.
LaTeX Info: Redefining \pageref on input line 40.
LaTeX Info: Redefining \nameref on input line 40.

(./refman.out) (./refman.out)
\@outlinefile=\write4
\openout4 = `refman.out'.

LaTeX Info: Redefining \degres on input line 40.
LaTeX Info: Redefining \dots on input line 40.
LaTeX Info: Redefining \up on input line 40.
\big@size=\dimen130
Package hyperref Info: Option `pageanchor' set `false' on input line 41.
 [1


{/usr/local/texlive/2010/texmf-var/fonts/map/pdftex/updmap/pdftex.map}] [2

]
LaTeX Font Info:    Font shape `T1/ptm/bx/n' in size <24.88> not available
(Font)              Font shape `T1/ptm/b/n' tried instead on input line 54.
 (./refman.toc
LaTeX Font Info:    Font shape `T1/ptm/bx/n' in size <10> not available
(Font)              Font shape `T1/ptm/b/n' tried instead on input line 2.
LaTeX Font Info:    Try loading font information for OT1+ztmcm on input line 2.


(/usr/local/texlive/2010/texmf-dist/tex/latex/psnfss/ot1ztmcm.fd
File: ot1ztmcm.fd 2000/01/03 Fontinst v1.801 font definitions for OT1/ztmcm.
)
LaTeX Font Info:    Try loading font information for OML+ztmcm on input line 2.


(/usr/local/texlive/2010/texmf-dist/tex/latex/psnfss/omlztmcm.fd
File: omlztmcm.fd 2000/01/03 Fontinst v1.801 font definitions for OML/ztmcm.
)
LaTeX Font Info:    Try loading font information for OMS+ztmcm on input line 2.


(/usr/local/texlive/2010/texmf-dist/tex/latex/psnfss/omsztmcm.fd
File: omsztmcm.fd 2000/01/03 Fontinst v1.801 font definitions for OMS/ztmcm.
)
LaTeX Font Info:    Try loading font information for OMX+ztmcm on input line 2.


(/usr/local/texlive/2010/texmf-dist/tex/latex/psnfss/omxztmcm.fd
File: omxztmcm.fd 2000/01/03 Fontinst v1.801 font definitions for OMX/ztmcm.
)
LaTeX Font Info:    Try loading font information for OT1+ptm on input line 2.

(/usr/local/texlive/2010/texmf-dist/tex/latex/psnfss/ot1ptm.fd
File: ot1ptm.fd 2001/06/04 font definitions for OT1/ptm.
)
LaTeX Font Info:    Font shape `OT1/ptm/bx/n' in size <10> not available
(Font)              Font shape `OT1/ptm/b/n' tried instead on input line 2.
LaTeX Font Info:    Font shape `OT1/ptm/bx/n' in size <7.4> not available
(Font)              Font shape `OT1/ptm/b/n' tried instead on input line 2.
LaTeX Font Info:    Font shape `OT1/ptm/bx/n' in size <6> not available
(Font)              Font shape `OT1/ptm/b/n' tried instead on input line 2.
 [1]

Package Fancyhdr Warning: \headheight is too small (12.0pt): 
 Make it at least 12.96997pt.
 We now make it that large for the rest of the document.
 This may cause the page layout to be inconsistent, however.

LaTeX Font Info:    Font shape `T1/ptm/bx/n' in size <7> not available
(Font)              Font shape `T1/ptm/b/n' tried instead on input line 89.
[2])
\tf@toc=\write5
\openout5 = `refman.toc'.



Package Fancyhdr Warning: \headheight is too small (12.0pt): 
 Make it at least 12.96997pt.
 We now make it that large for the rest of the document.
 This may cause the page layout to be inconsistent, however.

[3] [4

]
Package hyperref Info: Option `pageanchor' set `true' on input line 57.

Chapitre 1.
LaTeX Font Info:    Font shape `T1/ptm/bx/n' in size <20.74> not available
(Font)              Font shape `T1/ptm/b/n' tried instead on input line 58.
LaTeX Font Info:    Try loading font information for OT1+phv on input line 58.
(/usr/local/texlive/2010/texmf-dist/tex/latex/psnfss/ot1phv.fd
File: ot1phv.fd 2001/06/04 scalable font definitions for OT1/phv.
)
LaTeX Font Info:    Font shape `OT1/phv/bc/n' will be
(Font)              scaled to size 18.66588pt on input line 58.
LaTeX Font Info:    Font shape `OT1/phv/bc/n' will be
(Font)              scaled to size 22.39185pt on input line 58.

(./annotated.tex
LaTeX Font Info:    Font shape `T1/ptm/bx/n' in size <14.4> not available
(Font)              Font shape `T1/ptm/b/n' tried instead on input line 1.
LaTeX Font Info:    Font shape `OT1/phv/bc/n' will be
(Font)              scaled to size 12.9599pt on input line 1.
) [1

] [2

]
Chapitre 2.
(./files.tex

LaTeX Warning: Reference `arbre_8c' on page 3 undefined on input line 3.


LaTeX Warning: Reference `fonction__evaluation_8c' on page 3 undefined on input
 line 6.


LaTeX Warning: Reference `fonction_interface_8c' on page 3 undefined on input l
ine 8.


LaTeX Warning: Reference `main_8c' on page 3 undefined on input line 10.


LaTeX Warning: Reference `min-max_8c' on page 3 undefined on input line 11.


LaTeX Warning: Reference `moteur_8c' on page 3 undefined on input line 13.


LaTeX Warning: Reference `plateau_8c' on page 3 undefined on input line 15.


LaTeX Warning: Reference `regles_8c' on page 3 undefined on input line 17.

) [3] [4

]
Chapitre 3.
(./structarbre.tex
LaTeX Font Info:    Try loading font information for T1+pcr on input line 12.

(/usr/local/texlive/2010/texmf-dist/tex/latex/psnfss/t1pcr.fd
File: t1pcr.fd 2001/06/04 font definitions for T1/pcr.
)
<structarbre__coll__graph.pdf, id=756, 176.66pt x 104.39pt>
File: structarbre__coll__graph.pdf Graphic file (type pdf)

<use structarbre__coll__graph.pdf>
LaTeX Font Info:    Font shape `T1/ptm/bx/n' in size <12> not available
(Font)              Font shape `T1/ptm/b/n' tried instead on input line 23.
LaTeX Font Info:    Font shape `OT1/phv/bc/n' will be
(Font)              scaled to size 10.79993pt on input line 23.
LaTeX Font Info:    Font shape `OT1/phv/bc/n' will be
(Font)              scaled to size 8.99994pt on input line 58.
 [5 <./structarbre__coll__graph.pdf>])
(./struct_carre__clair.tex) (./struct_carre__fonce.tex [6])
(./structcase__plateau.tex
<structcase__plateau__coll__graph.pdf, id=816, 162.6075pt x 172.645pt>
File: structcase__plateau__coll__graph.pdf Graphic file (type pdf)

<use structcase__plateau__coll__graph.pdf> [7 <./structcase__plateau__coll__gra
ph.pdf>]) (./structcoup.tex
<structcoup__coll__graph.pdf, id=857, 162.6075pt x 254.9525pt>
File: structcoup__coll__graph.pdf Graphic file (type pdf)

<use structcoup__coll__graph.pdf>
Underfull \vbox (badness 10000) has occurred while \output is active []

 [8]
[9 <./structcoup__coll__graph.pdf>]) (./structjoueur.tex [10])
(./structpion.tex [11]) (./struct_pion__clair.tex) (./struct_pion__fonce.tex)
(./structplateau.tex [12]
<structplateau__coll__graph.pdf, id=974, 263.98625pt x 349.305pt>
File: structplateau__coll__graph.pdf Graphic file (type pdf)

<use structplateau__coll__graph.pdf>
Underfull \vbox (badness 10000) has occurred while \output is active []

 [13 <./structplateau__coll__graph.pdf>]) [14]
Chapitre 4.
(./arbre_8h.tex <arbre_8h__dep__incl.pdf, id=1025, 132.495pt x 160.6pt>
File: arbre_8h__dep__incl.pdf Graphic file (type pdf)

<use arbre_8h__dep__incl.pdf> [15

 <./arbre_8h__dep__incl.pdf>])
(./arbre_8h_source.tex) (./constantes_8h.tex
<constantes_8h__dep__incl.pdf, id=1062, 264.99pt x 218.8175pt>
File: constantes_8h__dep__incl.pdf Graphic file (type pdf)

<use constantes_8h__dep__incl.pdf>
Underfull \vbox (badness 10000) has occurred while \output is active []

 [16])
(./constantes_8h_source.tex [17 <./constantes_8h__dep__incl.pdf>]
Overfull \hbox (39.00024pt too wide) in paragraph at lines 13--13
[]\T1/pcr/m/n/8 00015 [][][]#if defined(WIN32) || defined(_WIN32) || defined(WI
N64) || defined(_WIN64)[][] 
 []

LaTeX Font Info:    Font shape `OT1/ptm/bx/n' in size <8> not available
(Font)              Font shape `OT1/ptm/b/n' tried instead on input line 14.
LaTeX Font Info:    Font shape `OT1/ptm/bx/n' in size <5> not available
(Font)              Font shape `OT1/ptm/b/n' tried instead on input line 14.
) (./fonction__evaluation_8h.tex
<fonction__evaluation_8h__incl.pdf, id=1102, 283.0575pt x 218.8175pt>
File: fonction__evaluation_8h__incl.pdf Graphic file (type pdf)

<use fonction__evaluation_8h__incl.pdf>
Underfull \vbox (badness 10000) has occurred while \output is active []

 [18]
<fonction__evaluation_8h__dep__incl.pdf, id=1108, 359.3425pt x 335.2525pt>
File: fonction__evaluation_8h__dep__incl.pdf Graphic file (type pdf)

<use fonction__evaluation_8h__dep__incl.pdf>
Overfull \hbox (13.0pt too wide) in paragraph at lines 24--26
 [] 
 []


Underfull \vbox (badness 10000) has occurred while \output is active []

 [19 <./fonction__evaluation_8h__incl.pdf>] [20 <./fonction__evaluation_8h__dep
__incl.pdf>]) (./fonction__evaluation_8h_source.tex
Overfull \hbox (5.40022pt too wide) in paragraph at lines 17--17
[]\T1/pcr/m/n/8 00036 []int[] est_isole([]const[] [][]plateau[][] * p, []const[
] [][]case_plateau[][] * c, []int[] rang);[] 
 []

) (./fonction_interface_8h.tex
<fonction_interface_8h__incl.pdf, id=1155, 321.2pt x 393.47pt>
File: fonction_interface_8h__incl.pdf Graphic file (type pdf)

<use fonction_interface_8h__incl.pdf>
Underfull \vbox (badness 10000) has occurred while \output is active []

 [21]
<fonction_interface_8h__dep__incl.pdf, id=1161, 264.99pt x 160.6pt>
File: fonction_interface_8h__dep__incl.pdf Graphic file (type pdf)

<use fonction_interface_8h__dep__incl.pdf>
Underfull \vbox (badness 10000) has occurred while \output is active []

 [22 <./fonction_interface_8h__incl.pdf>] [23 <./fonction_interface_8h__dep__in
cl.pdf>]
Overfull \hbox (3.56694pt too wide) in paragraph at lines 96--98
[][][]\T1/ptm/m/n/10 case_-plateau[][] \T1/ptm/b/n/10 control_-deuxieme_-click 
\T1/ptm/m/n/10 (SDL_-Event event, int $\OMS/ztmcm/m/n/10 ^^C$\T1/ptm/m/n/10 tab
, [][]pla-teau[][] $\OMS/ztmcm/m/n/10 ^^C$\T1/ptm/m/n/10 p, [][]case_-
 []

LaTeX Font Info:    Font shape `OT1/phv/bc/it' in size <10> not available
(Font)              Font shape `OT1/phv/bc/sl' tried instead on input line 140.

LaTeX Font Info:    Font shape `OT1/phv/bc/sl' will be
(Font)              scaled to size 8.99994pt on input line 140.

Overfull \hbox (21.88861pt too wide) in alignment at lines 149--154
 [] [] 
 []


Underfull \vbox (badness 10000) detected at line 154
 []

[24]
Overfull \hbox (21.88861pt too wide) in alignment at lines 216--221
 [] [] 
 []


Underfull \vbox (badness 10000) detected at line 221
 []

[25]) (./fonction_interface_8h_source.tex [26]
Overfull \hbox (53.40025pt too wide) in paragraph at lines 50--50
[]\T1/pcr/m/n/8 00118 []void[] control_manger_pion([][]case_plateau[][] oldPosi
tion, [][]case_plateau[][] newPosition);[] 
 []


Overfull \hbox (34.20024pt too wide) in paragraph at lines 54--54
[]\T1/pcr/m/n/8 00138 [][]case_plateau[][] control_premier_click(SDL_Event even
t, []int[] *tab, [][]plateau[][] *p,[] 
 []


Overfull \hbox (39.00024pt too wide) in paragraph at lines 57--57
[]\T1/pcr/m/n/8 00150 [][]case_plateau[][] control_deuxieme_click(SDL_Event eve
nt, []int[] *tab, [][]plateau[][] *p,[] 
 []

) (./min-max_8h.tex <min-max_8h__incl.pdf, id=1329, 283.0575pt x 277.035pt>
File: min-max_8h__incl.pdf Graphic file (type pdf)

<use min-max_8h__incl.pdf>
Underfull \vbox (badness 10000) has occurred while \output is active []

 [27]
<min-max_8h__dep__incl.pdf, id=1334, 359.3425pt x 277.035pt>
File: min-max_8h__dep__incl.pdf Graphic file (type pdf)

<use min-max_8h__dep__incl.pdf>
Overfull \hbox (13.0pt too wide) in paragraph at lines 22--24
 [] 
 []


Underfull \vbox (badness 10000) has occurred while \output is active []

 [28 <./min-max_8h__incl.pdf>] [29 <./min-max_8h__dep__incl.pdf>]
Overfull \hbox (21.88861pt too wide) in alignment at lines 72--75
 [] [] 
 []


Underfull \vbox (badness 10000) detected at line 75
 []

) (./min-max_8h_source.tex) (./moteur_8h.tex
<moteur_8h__incl.pdf, id=1374, 298.11375pt x 335.2525pt>
File: moteur_8h__incl.pdf Graphic file (type pdf)

<use moteur_8h__incl.pdf>
Underfull \vbox (badness 10000) has occurred while \output is active []

 [30]
<moteur_8h__dep__incl.pdf, id=1382, 327.2225pt x 218.8175pt>
File: moteur_8h__dep__incl.pdf Graphic file (type pdf)

<use moteur_8h__dep__incl.pdf>
Underfull \vbox (badness 10000) has occurred while \output is active []

 [31 <./moteur_8h__incl.pdf>] [32 <./moteur_8h__dep__incl.pdf>]
Overfull \hbox (21.88861pt too wide) in alignment at lines 101--104
 [] [] 
 []


Underfull \vbox (badness 10000) detected at line 104
 []


Underfull \vbox (badness 8132) has occurred while \output is active []

 [33]
Overfull \hbox (21.88861pt too wide) in alignment at lines 172--175
 [] [] 
 []


Underfull \vbox (badness 10000) detected at line 175
 []

[34]
Overfull \hbox (21.88861pt too wide) in alignment at lines 257--262
 [] [] 
 []


Underfull \vbox (badness 10000) detected at line 262
 []

[35]
Overfull \hbox (21.88861pt too wide) in alignment at lines 325--328
 [] [] 
 []


Underfull \vbox (badness 10000) detected at line 328
 []


Overfull \hbox (21.88861pt too wide) in alignment at lines 353--356
 [] [] 
 []


Underfull \vbox (badness 10000) detected at line 356
 []


Overfull \hbox (21.88861pt too wide) in alignment at lines 379--384
 [] [] 
 []


Underfull \vbox (badness 10000) detected at line 384
 []

[36]) (./moteur_8h_source.tex) (./plateau_8h.tex
<plateau_8h__dep__incl.pdf, id=1523, 390.45876pt x 451.6875pt>
File: plateau_8h__dep__incl.pdf Graphic file (type pdf)

<use plateau_8h__dep__incl.pdf>
Overfull \hbox (44.0pt too wide) in paragraph at lines 14--16
 [] 
 []


Underfull \vbox (badness 2134) has occurred while \output is active []

 [37]
[38 <./plateau_8h__dep__incl.pdf>] [39]
LaTeX Font Info:    Font shape `T1/ptm/bx/it' in size <10> not available
(Font)              Font shape `T1/ptm/b/it' tried instead on input line 119.
 [40]
Overfull \hbox (21.88861pt too wide) in alignment at lines 148--153
 [] [] 
 []


Underfull \vbox (badness 10000) detected at line 153
 []


Overfull \hbox (21.88861pt too wide) in alignment at lines 174--179
 [] [] 
 []


Underfull \vbox (badness 10000) detected at line 179
 []


Overfull \hbox (21.88861pt too wide) in alignment at lines 200--207
 [] [] 
 []


Underfull \vbox (badness 10000) detected at line 207
 []


Overfull \hbox (21.88861pt too wide) in alignment at lines 212--219
 [] [] 
 []


Underfull \vbox (badness 10000) detected at line 219
 []


Overfull \hbox (21.88861pt too wide) in alignment at lines 241--244
 [] [] 
 []


Underfull \vbox (badness 10000) detected at line 244
 []


Underfull \vbox (badness 10000) has occurred while \output is active []

 [41]
Overfull \hbox (21.88861pt too wide) in alignment at lines 267--272
 [] [] 
 []


Underfull \vbox (badness 10000) detected at line 272
 []


Overfull \hbox (21.88861pt too wide) in alignment at lines 295--300
 [] [] 
 []


Underfull \vbox (badness 10000) detected at line 300
 []


Overfull \hbox (21.88861pt too wide) in alignment at lines 320--323
 [] [] 
 []


Underfull \vbox (badness 10000) detected at line 323
 []


Overfull \hbox (21.88861pt too wide) in alignment at lines 344--349
 [] [] 
 []


Underfull \vbox (badness 10000) detected at line 349
 []

[42]
Overfull \hbox (21.88861pt too wide) in alignment at lines 392--395
 [] [] 
 []


Underfull \vbox (badness 10000) detected at line 395
 []


Overfull \hbox (21.88861pt too wide) in alignment at lines 417--420
 [] [] 
 []


Underfull \vbox (badness 10000) detected at line 420
 []


Overfull \hbox (21.88861pt too wide) in alignment at lines 439--442
 [] [] 
 []


Underfull \vbox (badness 10000) detected at line 442
 []


Overfull \vbox (0.10571pt too high) has occurred while \output is active []


[43]
Overfull \hbox (21.88861pt too wide) in alignment at lines 464--467
 [] [] 
 []


Underfull \vbox (badness 10000) detected at line 467
 []


Overfull \hbox (21.88861pt too wide) in alignment at lines 490--493
 [] [] 
 []


Underfull \vbox (badness 10000) detected at line 493
 []


Overfull \hbox (21.88861pt too wide) in alignment at lines 513--516
 [] [] 
 []


Underfull \vbox (badness 10000) detected at line 516
 []

) (./plateau_8h_source.tex [44]
Overfull \hbox (72.60027pt too wide) in paragraph at lines 63--64
[]\T1/pcr/m/n/8 00116 []/* ********* Fin des dfinitions de types, dbut des d
finitions de fonctions ***[] 
 []


Overfull \hbox (29.40024pt too wide) in paragraph at lines 69--69
[]\T1/pcr/m/n/8 00137 []int[] plateau_deplacer_pion([]int[] old_position,[]int[
] new_position,[][]plateau[][] *p);[] 
 []


Underfull \vbox (badness 10000) has occurred while \output is active []

 [45])
(./regles_8h.tex <regles_8h__incl.pdf, id=1804, 142.5325pt x 160.6pt>
File: regles_8h__incl.pdf Graphic file (type pdf)

<use regles_8h__incl.pdf>
<regles_8h__dep__incl.pdf, id=1805, 365.365pt x 393.47pt>
File: regles_8h__dep__incl.pdf Graphic file (type pdf)

<use regles_8h__dep__incl.pdf>
Overfull \hbox (19.0pt too wide) in paragraph at lines 22--24
 [] 
 []


Underfull \vbox (badness 10000) has occurred while \output is active []

 [46 <./regles_8h__incl.pdf>] [47 <./regles_8h__dep__incl.pdf>]
Overfull \hbox (21.88861pt too wide) in alignment at lines 72--77
 [] [] 
 []


Underfull \vbox (badness 10000) detected at line 77
 []


Overfull \hbox (21.88861pt too wide) in alignment at lines 97--100
 [] [] 
 []


Underfull \vbox (badness 10000) detected at line 100
 []


Overfull \hbox (21.88861pt too wide) in alignment at lines 126--131
 [] [] 
 []


Underfull \vbox (badness 10000) detected at line 131
 []


Overfull \vbox (2.1548pt too high) has occurred while \output is active []


[48]
Overfull \hbox (21.88861pt too wide) in alignment at lines 152--159
 [] [] 
 []


Underfull \vbox (badness 10000) detected at line 159
 []


Overfull \hbox (21.88861pt too wide) in alignment at lines 164--171
 [] [] 
 []


Underfull \vbox (badness 10000) detected at line 171
 []


Overfull \hbox (21.88861pt too wide) in alignment at lines 194--197
 [] [] 
 []


Underfull \vbox (badness 10000) detected at line 197
 []


Overfull \hbox (21.88861pt too wide) in alignment at lines 214--219
 [] [] 
 []


Underfull \vbox (badness 10000) detected at line 219
 []


Underfull \vbox (badness 10000) has occurred while \output is active []

 [49]
Overfull \hbox (21.88861pt too wide) in alignment at lines 242--247
 [] [] 
 []


Underfull \vbox (badness 10000) detected at line 247
 []

) (./regles_8h_source.tex) (./refman.ind [50] [51

] [52] [53])
Package atveryend Info: Empty hook `BeforeClearDocument' on input line 91.
Package atveryend Info: Empty hook `AfterLastShipout' on input line 91.
 (./refman.aux)
Package atveryend Info: Executing hook `AtVeryEndDocument' on input line 91.
Package rerunfilecheck Info: File `refman.out' has not changed.
(rerunfilecheck)             Checksum: B696188AD49030990F4A3051823F6EC7;22158.


LaTeX Warning: There were undefined references.

 ) 
Here is how much of TeX's memory you used:
 11626 strings out of 493763
 175662 string characters out of 3144954
 273838 words of memory out of 3000000
 14117 multiletter control sequences out of 15000+200000
 69600 words of font info for 94 fonts, out of 3000000 for 9000
 715 hyphenation exceptions out of 8191
 42i,13n,58p,405b,652s stack positions out of 5000i,500n,10000p,200000b,50000s
pdfTeX warning (dest): name{regles_8c_source_l00777} has been referenced but 
does not exist, replaced by a fixed one

pdfTeX warning (dest): name{regles_8c_source_l00249} has been referenced but do
es not exist, replaced by a fixed one

pdfTeX warning (dest): name{regles_8c_source_l00859} has been referenced but do
es not exist, replaced by a fixed one

pdfTeX warning (dest): name{regles_8c_source_l00024} has been referenced but do
es not exist, replaced by a fixed one

pdfTeX warning (dest): name{regles_8c_source_l00320} has been referenced but do
es not exist, replaced by a fixed one

pdfTeX warning (dest): name{regles_8c_source_l00913} has been referenced but do
es not exist, replaced by a fixed one

pdfTeX warning (dest): name{plateau_8c_source_l00129} has been referenced but d
oes not exist, replaced by a fixed one

pdfTeX warning (dest): name{plateau_8c_source_l00125} has been referenced but d
oes not exist, replaced by a fixed one

pdfTeX warning (dest): name{plateau_8c_source_l00234} has been referenced but d
oes not exist, replaced by a fixed one

pdfTeX warning (dest): name{plateau_8c_source_l00269} has been referenced but d
oes not exist, replaced by a fixed one

pdfTeX warning (dest): name{plateau_8c_source_l00120} has been referenced but d
oes not exist, replaced by a fixed one

pdfTeX warning (dest): name{plateau_8c_source_l00084} has been referenced but d
oes not exist, replaced by a fixed one

pdfTeX warning (dest): name{plateau_8c_source_l00175} has been referenced but d
oes not exist, replaced by a fixed one

pdfTeX warning (dest): name{plateau_8c_source_l00070} has been referenced but d
oes not exist, replaced by a fixed one

pdfTeX warning (dest): name{plateau_8c_source_l00141} has been referenced but d
oes not exist, replaced by a fixed one

pdfTeX warning (dest): name{plateau_8c_source_l00093} has been referenced but d
oes not exist, replaced by a fixed one

pdfTeX warning (dest): name{plateau_8c_source_l00011} has been referenced but d
oes not exist, replaced by a fixed one

pdfTeX warning (dest): name{plateau_8c_source_l00300} has been referenced but d
oes not exist, replaced by a fixed one

pdfTeX warning (dest): name{regles_8c_source} has been referenced but does not 
exist, replaced by a fixed one

pdfTeX warning (dest): name{regles_8c_source_l00929} has been referenced but do
es not exist, replaced by a fixed one

pdfTeX warning (dest): name{plateau_8c_source_l00101} has been referenced but d
oes not exist, replaced by a fixed one

pdfTeX warning (dest): name{plateau_8c_source} has been referenced but does not
 exist, replaced by a fixed one

pdfTeX warning (dest): name{plateau_8c_source_l00258} has been referenced but d
oes not exist, replaced by a fixed one

pdfTeX warning (dest): name{min\\unhbox\040\\voidb@x\040\\kern\040\\z@\040\\cha
r\040`\\discretionary\040{-}{}{}max_8h} has been referenced but does not exist,
 replaced by a fixed one

pdfTeX warning (dest): name{moteur_8c_source_l00335} has been referenced but do
es not exist, replaced by a fixed one

pdfTeX warning (dest): name{moteur_8c_source_l00138} has been referenced but do
es not exist, replaced by a fixed one

pdfTeX warning (dest): name{moteur_8c_source_l00185} has been referenced but do
es not exist, replaced by a fixed one

pdfTeX warning (dest): name{moteur_8c_source_l00355} has been referenced but do
es not exist, replaced by a fixed one

pdfTeX warning (dest): name{moteur_8c_source_l00126} has been referenced but do
es not exist, replaced by a fixed one

pdfTeX warning (dest): name{moteur_8c_source_l00025} has been referenced but do
es not exist, replaced by a fixed one

pdfTeX warning (dest): name{moteur_8c_source_l00325} has been referenced but do
es not exist, replaced by a fixed one

pdfTeX warning (dest): name{moteur_8c_source_l00142} has been referenced but do
es not exist, replaced by a fixed one

pdfTeX warning (dest): name{moteur_8c_source_l00154} has been referenced but do
es not exist, replaced by a fixed one

pdfTeX warning (dest): name{moteur_8c_source_l00351} has been referenced but do
es not exist, replaced by a fixed one

pdfTeX warning (dest): name{moteur_8c_source_l00107} has been referenced but do
es not exist, replaced by a fixed one

pdfTeX warning (dest): name{moteur_8c_source} has been referenced but does not 
exist, replaced by a fixed one

pdfTeX warning (dest): name{moteur_8c_source_l00249} has been referenced but do
es not exist, replaced by a fixed one

pdfTeX warning (dest): name{min-max_8c_source} has been referenced but does not
 exist, replaced by a fixed one

pdfTeX warning (dest): name{min-max_8c_source_l00019} has been referenced but d
oes not exist, replaced by a fixed one

pdfTeX warning (dest): name{fonction_interface_8c_source_l00279} has been refer
enced but does not exist, replaced by a fixed one

pdfTeX warning (dest): name{fonction_interface_8c_source_l00515} has been refer
enced but does not exist, replaced by a fixed one

pdfTeX warning (dest): name{fonction_interface_8c_source_l00301} has been refer
enced but does not exist, replaced by a fixed one

pdfTeX warning (dest): name{fonction_interface_8c_source_l00263} has been refer
enced but does not exist, replaced by a fixed one

pdfTeX warning (dest): name{fonction_interface_8c_source} has been referenced b
ut does not exist, replaced by a fixed one

pdfTeX warning (dest): name{fonction_interface_8c_source_l00118} has been refer
enced but does not exist, replaced by a fixed one

pdfTeX warning (dest): name{plateau_8h_source_l00082} has been referenced but d
oes not exist, replaced by a fixed one

pdfTeX warning (dest): name{plateau_8h_a8282be6127518547fa916dd6cfef17cb} has b
een referenced but does not exist, replaced by a fixed one

{/usr/local/texlive/2010/texmf-dist/fonts/enc/dvips/base/8r.enc}</usr/local/tex
live/2010/texmf-dist/fonts/type1/public/amsfonts/cm/cmmi10.pfb></usr/local/texl
ive/2010/texmf-dist/fonts/type1/public/amsfonts/cm/cmsy10.pfb></usr/local/texli
ve/2010/texmf-dist/fonts/type1/urw/courier/ucrr8a.pfb></usr/local/texlive/2010/
texmf-dist/fonts/type1/urw/helvetic/uhvb8ac.pfb></usr/local/texlive/2010/texmf-
dist/fonts/type1/urw/helvetic/uhvbo8ac.pfb></usr/local/texlive/2010/texmf-dist/
fonts/type1/urw/times/utmb8a.pfb></usr/local/texlive/2010/texmf-dist/fonts/type
1/urw/times/utmbi8a.pfb></usr/local/texlive/2010/texmf-dist/fonts/type1/urw/tim
es/utmr8a.pfb></usr/local/texlive/2010/texmf-dist/fonts/type1/urw/times/utmri8a
.pfb>
Output written on refman.pdf (59 pages, 354847 bytes).
PDF statistics:
 2238 PDF objects out of 2487 (max. 8388607)
 2096 compressed objects within 21 object streams
 481 named destinations out of 1000 (max. 500000)
 1134 words of extra memory for PDF output out of 10000 (max. 10000000)

